<?xml version="1.0" encoding="UTF-8"?>
<!-- Generated by org.testng.reporters.JUnitXMLReporter -->
<testsuite hostname="HSSSC1PCL01494" name="TestRunner" tests="3" failures="1" timestamp="6 Jul 2017 11:39:09 GMT" time="71.954" errors="0">
  <testcase name="feature" time="60.632" classname="runner.FirstTestRunner"/>
  <testcase name="feature" time="60.696" classname="runner.SecondTestRunner"/>
  <testcase name="feature" time="70.891" classname="runner.ThirdTestRunner">
    <failure type="cucumber.runtime.CucumberException" message="java.lang.AssertionError: 
Expected: is &amp;quot;You can&amp;apos;t leave this empty..&amp;quot;
     but: was &amp;quot;You can&amp;apos;t leave this empty.&amp;quot;">
      <![CDATA[cucumber.runtime.CucumberException: java.lang.AssertionError: 
Expected: is "You can't leave this empty.."
     but: was "You can't leave this empty."
	at cucumber.api.testng.TestNGCucumberRunner.runCucumber(TestNGCucumberRunner.java:69)
	at cucumber.api.testng.AbstractTestNGCucumberTests.feature(AbstractTestNGCucumberTests.java:21)
	at java.util.concurrent.ThreadPoolExecutor.runWorker(ThreadPoolExecutor.java:1142)
	at java.util.concurrent.ThreadPoolExecutor$Worker.run(ThreadPoolExecutor.java:617)
	at java.lang.Thread.run(Thread.java:748)
Caused by: java.lang.AssertionError: 
Expected: is "You can't leave this empty.."
     but: was "You can't leave this empty."
	at org.hamcrest.MatcherAssert.assertThat(MatcherAssert.java:20)
	at org.hamcrest.MatcherAssert.assertThat(MatcherAssert.java:8)
	at steps.RegisterStep.assert_error_message_displays(RegisterStep.java:42)
	at âœ½.Then the error message display as below(src/test/java/features/Register3.feature:37)
... Removed 10 stack frames]]>
    </failure>
  </testcase> <!-- feature -->
</testsuite> <!-- TestRunner -->
