<?xml version="1.0" encoding="UTF-8"?>
<testng-results skipped="0" failed="1" total="3" passed="2">
  <reporter-output>
  </reporter-output>
  <suite name="TestSuite" duration-ms="71954" started-at="2017-07-06T11:37:57Z" finished-at="2017-07-06T11:39:09Z">
    <groups>
      <group name="cucumber">
        <method signature="AbstractTestNGCucumberTests.feature(cucumber.api.testng.CucumberFeatureWrapper)[pri:0, instance:runner.FirstTestRunner@5315b42e]" name="feature" class="cucumber.api.testng.AbstractTestNGCucumberTests"/>
        <method signature="AbstractTestNGCucumberTests.feature(cucumber.api.testng.CucumberFeatureWrapper)[pri:0, instance:runner.SecondTestRunner@327471b5]" name="feature" class="cucumber.api.testng.AbstractTestNGCucumberTests"/>
        <method signature="AbstractTestNGCucumberTests.feature(cucumber.api.testng.CucumberFeatureWrapper)[pri:0, instance:runner.ThirdTestRunner@3567135c]" name="feature" class="cucumber.api.testng.AbstractTestNGCucumberTests"/>
      </group> <!-- cucumber -->
    </groups>
    <test name="TestRunner" duration-ms="71954" started-at="2017-07-06T11:37:57Z" finished-at="2017-07-06T11:39:09Z">
      <class name="runner.ThirdTestRunner">
        <test-method status="PASS" signature="setUpClass()[pri:0, instance:runner.ThirdTestRunner@3567135c]" name="setUpClass" is-config="true" duration-ms="222" started-at="2017-07-06T18:37:57Z" finished-at="2017-07-06T18:37:57Z">
          <reporter-output>
          </reporter-output>
        </test-method> <!-- setUpClass -->
        <test-method status="FAIL" signature="feature(cucumber.api.testng.CucumberFeatureWrapper)[pri:0, instance:runner.ThirdTestRunner@3567135c]" name="feature" duration-ms="70891" started-at="2017-07-06T18:37:57Z" description="Runs Cucumber Feature" data-provider="features" finished-at="2017-07-06T18:39:08Z">
          <params>
            <param index="0">
              <value>
                <![CDATA[Register google account 3]]>
              </value>
            </param>
          </params>
          <exception class="cucumber.runtime.CucumberException">
            <message>
              <![CDATA[java.lang.AssertionError: 
Expected: is "You can't leave this empty.."
     but: was "You can't leave this empty."]]>
            </message>
            <full-stacktrace>
              <![CDATA[cucumber.runtime.CucumberException: java.lang.AssertionError: 
Expected: is "You can't leave this empty.."
     but: was "You can't leave this empty."
	at cucumber.api.testng.TestNGCucumberRunner.runCucumber(TestNGCucumberRunner.java:69)
	at cucumber.api.testng.AbstractTestNGCucumberTests.feature(AbstractTestNGCucumberTests.java:21)
	at sun.reflect.NativeMethodAccessorImpl.invoke0(Native Method)
	at sun.reflect.NativeMethodAccessorImpl.invoke(NativeMethodAccessorImpl.java:62)
	at sun.reflect.DelegatingMethodAccessorImpl.invoke(DelegatingMethodAccessorImpl.java:43)
	at java.lang.reflect.Method.invoke(Method.java:498)
	at org.testng.internal.MethodInvocationHelper.invokeMethod(MethodInvocationHelper.java:85)
	at org.testng.internal.Invoker.invokeMethod(Invoker.java:659)
	at org.testng.internal.Invoker.invokeTestMethod(Invoker.java:845)
	at org.testng.internal.Invoker.invokeTestMethods(Invoker.java:1153)
	at org.testng.internal.TestMethodWorker.invokeTestMethods(TestMethodWorker.java:125)
	at org.testng.internal.TestMethodWorker.run(TestMethodWorker.java:108)
	at java.util.concurrent.ThreadPoolExecutor.runWorker(ThreadPoolExecutor.java:1142)
	at java.util.concurrent.ThreadPoolExecutor$Worker.run(ThreadPoolExecutor.java:617)
	at java.lang.Thread.run(Thread.java:748)
Caused by: java.lang.AssertionError: 
Expected: is "You can't leave this empty.."
     but: was "You can't leave this empty."
	at org.hamcrest.MatcherAssert.assertThat(MatcherAssert.java:20)
	at org.hamcrest.MatcherAssert.assertThat(MatcherAssert.java:8)
	at steps.RegisterStep.assert_error_message_displays(RegisterStep.java:42)
	at ?.Then the error message display as below(src/test/java/features/Register3.feature:37)
]]>
            </full-stacktrace>
          </exception> <!-- cucumber.runtime.CucumberException -->
          <reporter-output>
          </reporter-output>
        </test-method> <!-- feature -->
        <test-method status="PASS" signature="tearDownClass()[pri:0, instance:runner.ThirdTestRunner@3567135c]" name="tearDownClass" is-config="true" duration-ms="715" started-at="2017-07-06T18:39:08Z" finished-at="2017-07-06T18:39:09Z">
          <reporter-output>
          </reporter-output>
        </test-method> <!-- tearDownClass -->
      </class> <!-- runner.ThirdTestRunner -->
      <class name="runner.FirstTestRunner">
        <test-method status="PASS" signature="setUpClass()[pri:0, instance:runner.FirstTestRunner@5315b42e]" name="setUpClass" is-config="true" duration-ms="222" started-at="2017-07-06T18:37:57Z" finished-at="2017-07-06T18:37:57Z">
          <reporter-output>
          </reporter-output>
        </test-method> <!-- setUpClass -->
        <test-method status="PASS" signature="feature(cucumber.api.testng.CucumberFeatureWrapper)[pri:0, instance:runner.FirstTestRunner@5315b42e]" name="feature" duration-ms="60632" started-at="2017-07-06T18:37:57Z" description="Runs Cucumber Feature" data-provider="features" finished-at="2017-07-06T18:38:58Z">
          <params>
            <param index="0">
              <value>
                <![CDATA[Register google account]]>
              </value>
            </param>
          </params>
          <reporter-output>
          </reporter-output>
        </test-method> <!-- feature -->
        <test-method status="PASS" signature="tearDownClass()[pri:0, instance:runner.FirstTestRunner@5315b42e]" name="tearDownClass" is-config="true" duration-ms="8383" started-at="2017-07-06T18:38:58Z" finished-at="2017-07-06T18:39:06Z">
          <reporter-output>
          </reporter-output>
        </test-method> <!-- tearDownClass -->
      </class> <!-- runner.FirstTestRunner -->
      <class name="runner.SecondTestRunner">
        <test-method status="PASS" signature="setUpClass()[pri:0, instance:runner.SecondTestRunner@327471b5]" name="setUpClass" is-config="true" duration-ms="223" started-at="2017-07-06T18:37:57Z" finished-at="2017-07-06T18:37:57Z">
          <reporter-output>
          </reporter-output>
        </test-method> <!-- setUpClass -->
        <test-method status="PASS" signature="feature(cucumber.api.testng.CucumberFeatureWrapper)[pri:0, instance:runner.SecondTestRunner@327471b5]" name="feature" duration-ms="60696" started-at="2017-07-06T18:37:57Z" description="Runs Cucumber Feature" data-provider="features" finished-at="2017-07-06T18:38:58Z">
          <params>
            <param index="0">
              <value>
                <![CDATA[Register google account 2]]>
              </value>
            </param>
          </params>
          <reporter-output>
          </reporter-output>
        </test-method> <!-- feature -->
        <test-method status="PASS" signature="tearDownClass()[pri:0, instance:runner.SecondTestRunner@327471b5]" name="tearDownClass" is-config="true" duration-ms="8330" started-at="2017-07-06T18:38:58Z" finished-at="2017-07-06T18:39:06Z">
          <reporter-output>
          </reporter-output>
        </test-method> <!-- tearDownClass -->
      </class> <!-- runner.SecondTestRunner -->
    </test> <!-- TestRunner -->
  </suite> <!-- TestSuite -->
</testng-results>
